gaitsmartphoneapp/app/build/intermediates/manifest_merge_blame_file/debug/manifest-merger-blame-debug-report.txt
1<?xml version="1.0" encoding="utf-8"?>
2<manifest xmlns:android="http://schemas.android.com/apk/res/android"
3    package="com.example.gait_smartphone_app"
4    android:versionCode="1"
5    android:versionName="1.0" >
6
7    <uses-sdk
8        android:minSdkVersion="16"
8-->src\main\AndroidManifest.xml
9        android:targetSdkVersion="30" />
9-->src\main\AndroidManifest.xml
10
11    <uses-permission android:name="android.permission.WRITE_EXTERNAL_STORAGE" />
11-->src\main\AndroidManifest.xml:7:5-110
11-->src\main\AndroidManifest.xml:7:22-78
12    <uses-permission android:name="android.permission.MOUNT_FORMAT_FILESYSTEMS" />
12-->src\main\AndroidManifest.xml:8:5-119
12-->src\main\AndroidManifest.xml:8:22-80
13    <uses-permission android:name="android.permission.BODY_SENSORS" />
13-->src\main\AndroidManifest.xml:9:5-71
13-->src\main\AndroidManifest.xml:9:22-68
14    <uses-permission android:name="android.permission.VIBRATE" />
14-->src\main\AndroidManifest.xml:10:5-66
14-->src\main\AndroidManifest.xml:10:22-63
15
16    <application
16-->src\main\AndroidManifest.xml:12:5-36:19
17        android:allowBackup="false"
17-->src\main\AndroidManifest.xml:13:9-36
18        android:appComponentFactory="androidx.core.app.CoreComponentFactory"
18-->[androidx.core:core:1.3.1] AndroidManifest.xml:24:18-86
19        android:debuggable="true"
20        android:icon="@mipmap/ic_launcher"
20-->src\main\AndroidManifest.xml:14:9-43
21        android:label="@string/app_name"
21-->src\main\AndroidManifest.xml:15:9-41
22        android:requestLegacyExternalStorage="true"
22-->src\main\AndroidManifest.xml:19:9-52
23        android:roundIcon="@mipmap/ic_launcher_round"
23-->src\main\AndroidManifest.xml:16:9-54
24        android:supportsRtl="true"
24-->src\main\AndroidManifest.xml:17:9-35
25        android:testOnly="true"
26        android:theme="@style/Theme.Gaitsmartphoneapp" >
26-->src\main\AndroidManifest.xml:18:9-55
27        <activity android:name="com.example.gait_smartphone_app.MainActivity" >
27-->src\main\AndroidManifest.xml:20:9-26:20
27-->src\main\AndroidManifest.xml:20:19-47
28            <intent-filter>
28-->src\main\AndroidManifest.xml:21:13-25:29
29                <action android:name="android.intent.action.MAIN" />
29-->src\main\AndroidManifest.xml:22:17-69
29-->src\main\AndroidManifest.xml:22:25-66
30
31                <category android:name="android.intent.category.LAUNCHER" />
31-->src\main\AndroidManifest.xml:24:17-77
31-->src\main\AndroidManifest.xml:24:27-74
32            </intent-filter>
33        </activity>
34
35        <provider
35-->src\main\AndroidManifest.xml:28:9-35:20
36            android:name="androidx.core.content.FileProvider"
36-->src\main\AndroidManifest.xml:29:13-62
37            android:authorities="com.example.gait_smartphone_app.fileprovider"
37-->src\main\AndroidManifest.xml:30:13-79
38            android:grantUriPermissions="true" >
38-->src\main\AndroidManifest.xml:31:13-47
39            <meta-data
39-->src\main\AndroidManifest.xml:32:13-34:52
40                android:name="android.support.FILE_PROVIDER_PATHS"
40-->src\main\AndroidManifest.xml:33:17-67
41                android:resource="@xml/data_path" />
41-->src\main\AndroidManifest.xml:34:17-50
42        </provider>
43
44        <activity
44-->[com.google.android.gms:play-services-base:17.5.0] AndroidManifest.xml:23:9-26:75
45            android:name="com.google.android.gms.common.api.GoogleApiActivity"
45-->[com.google.android.gms:play-services-base:17.5.0] AndroidManifest.xml:24:13-79
46            android:exported="false"
46-->[com.google.android.gms:play-services-base:17.5.0] AndroidManifest.xml:25:13-37
47            android:theme="@android:style/Theme.Translucent.NoTitleBar" />
47-->[com.google.android.gms:play-services-base:17.5.0] AndroidManifest.xml:26:13-72
48
49        <meta-data
49-->[com.google.android.gms:play-services-basement:17.5.0] AndroidManifest.xml:23:9-25:69
50            android:name="com.google.android.gms.version"
50-->[com.google.android.gms:play-services-basement:17.5.0] AndroidManifest.xml:24:13-58
51            android:value="@integer/google_play_services_version" />
51-->[com.google.android.gms:play-services-basement:17.5.0] AndroidManifest.xml:25:13-66
52    </application>
53
54</manifest>